This is pdfTeX, Version 3.14159265-2.6-1.40.18 (TeX Live 2018/dev/Debian) (preloaded format=pdflatex 2017.10.5)  25 OCT 2017 15:03
entering extended mode
 restricted \write18 enabled.
 %&-line parsing enabled.
**bib.tex
(./bib.tex
LaTeX2e <2017-04-15>
Babel <3.12> and hyphenation patterns for 7 language(s) loaded.
\bibdata{refs}
No file bib.bbl.
)
! Emergency stop.
<*> bib.tex
           
*** (job aborted, no legal \end found)

 
Here is how much of TeX's memory you used:
 6 strings out of 494855
 130 string characters out of 6179181
 46154 words of memory out of 5000000
 3422 multiletter control sequences out of 15000+600000
 3640 words of font info for 14 fonts, out of 8000000 for 9000
 59 hyphenation exceptions out of 8191
 5i,0n,3p,37b,8s stack positions out of 5000i,500n,10000p,200000b,80000s
!  ==> Fatal error occurred, no output PDF file produced!
